# JRE version: OpenJDK Runtime Environment Temurin-21.0.3+9 (21.0.3+9) (build 21.0.3+9-LTS)
# Java VM: OpenJDK 64-Bit Server VM Temurin-21.0.3+9 (21.0.3+9-LTS, mixed mode, emulated-client, tiered, compressed oops, compressed class ptrs, g1 gc, windows-amd64)
GC Precious Log:
 CardTable entry size: 512
 Card Set container configuration: InlinePtr #cards 5 size 8 Array Of Cards #cards 12 size 40 Howl #buckets 4 coarsen threshold 1843 Howl Bitmap #cards 512 size 80 coarsen threshold 460 Card regions per heap region 1 cards per card region 2048
 CPUs: 4 total, 4 available
 Memory: 7991M
 Large Page Support: Disabled
 NUMA Support: Disabled
 Compressed Oops: Enabled (32-bit)
 Heap Region Size: 1M
 Heap Min Capacity: 8M
 Heap Initial Capacity: 126M
 Heap Max Capacity: 1998M
 Pre-touch: Disabled
 Parallel Workers: 4
 Concurrent Workers: 1
 Concurrent Refinement Workers: 4
 Periodic GC: Disabled
Heap:
 garbage-first heap   total 102400K, used 92674K [0x0000000083200000, 0x0000000100000000)
  region size 1024K, 57 young (58368K), 1 survivors (1024K)
 Metaspace       used 90844K, committed 93376K, reserved 1179648K
  class space    used 12279K, committed 13440K, reserved 1048576K
GC Heap History (20 events):
Event: 7871.770 GC heap after
{Heap after GC invocations=259 (full 39):
 garbage-first heap   total 102400K, used 38468K [0x0000000083200000, 0x0000000100000000)
  region size 1024K, 3 young (3072K), 3 survivors (3072K)
 Metaspace       used 90573K, committed 93440K, reserved 1179648K
  class space    used 12219K, committed 13440K, reserved 1048576K
}
Event: 7923.142 GC heap before
{Heap before GC invocations=259 (full 39):
 garbage-first heap   total 102400K, used 91716K [0x0000000083200000, 0x0000000100000000)
  region size 1024K, 55 young (56320K), 3 survivors (3072K)
 Metaspace       used 90573K, committed 93440K, reserved 1179648K
  class space    used 12219K, committed 13440K, reserved 1048576K
}
Event: 7923.150 GC heap after
{Heap after GC invocations=260 (full 39):
 garbage-first heap   total 102400K, used 37795K [0x0000000083200000, 0x0000000100000000)
  region size 1024K, 2 young (2048K), 2 survivors (2048K)
 Metaspace       used 90573K, committed 93440K, reserved 1179648K
  class space    used 12219K, committed 13440K, reserved 1048576K
}
Event: 7976.678 GC heap before
{Heap before GC invocations=261 (full 39):
 garbage-first heap   total 102400K, used 93091K [0x0000000083200000, 0x0000000100000000)
  region size 1024K, 56 young (57344K), 2 survivors (2048K)
 Metaspace       used 90112K, committed 93376K, reserved 1179648K
  class space    used 12155K, committed 13440K, reserved 1048576K
}
Event: 7976.685 GC heap after
{Heap after GC invocations=262 (full 39):
 garbage-first heap   total 102400K, used 37895K [0x0000000083200000, 0x0000000100000000)
  region size 1024K, 3 young (3072K), 3 survivors (3072K)
 Metaspace       used 90112K, committed 93376K, reserved 1179648K
  class space    used 12155K, committed 13440K, reserved 1048576K
}
Event: 8029.166 GC heap before
{Heap before GC invocations=262 (full 39):
 garbage-first heap   total 102400K, used 92167K [0x0000000083200000, 0x0000000100000000)
  region size 1024K, 56 young (57344K), 3 survivors (3072K)
 Metaspace       used 90112K, committed 93376K, reserved 1179648K
  class space    used 12155K, committed 13440K, reserved 1048576K
}
Event: 8029.173 GC heap after
{Heap after GC invocations=263 (full 39):
 garbage-first heap   total 102400K, used 36485K [0x0000000083200000, 0x0000000100000000)
  region size 1024K, 3 young (3072K), 3 survivors (3072K)
 Metaspace       used 90112K, committed 93376K, reserved 1179648K
  class space    used 12155K, committed 13440K, reserved 1048576K
}
Event: 8071.264 GC heap before
{Heap before GC invocations=263 (full 39):
 garbage-first heap   total 102400K, used 80517K [0x0000000083200000, 0x0000000100000000)
  region size 1024K, 47 young (48128K), 3 survivors (3072K)
 Metaspace       used 90128K, committed 93376K, reserved 1179648K
  class space    used 12158K, committed 13440K, reserved 1048576K
}
Event: 8071.321 GC heap after
{Heap after GC invocations=264 (full 40):
 garbage-first heap   total 102400K, used 29143K [0x0000000083200000, 0x0000000100000000)
  region size 1024K, 0 young (0K), 0 survivors (0K)
 Metaspace       used 90120K, committed 93376K, reserved 1179648K
  class space    used 12156K, committed 13440K, reserved 1048576K
}
Event: 8071.942 GC heap before
{Heap before GC invocations=264 (full 40):
 garbage-first heap   total 102400K, used 89559K [0x0000000083200000, 0x0000000100000000)
  region size 1024K, 60 young (61440K), 0 survivors (0K)
 Metaspace       used 90409K, committed 93376K, reserved 1179648K
  class space    used 12208K, committed 13440K, reserved 1048576K
}
Event: 8071.951 GC heap after
{Heap after GC invocations=265 (full 40):
 garbage-first heap   total 102400K, used 36053K [0x0000000083200000, 0x0000000100000000)
  region size 1024K, 7 young (7168K), 7 survivors (7168K)
 Metaspace       used 90409K, committed 93376K, reserved 1179648K
  class space    used 12208K, committed 13440K, reserved 1048576K
}
Event: 8079.825 GC heap before
{Heap before GC invocations=266 (full 40):
 garbage-first heap   total 102400K, used 53461K [0x0000000083200000, 0x0000000100000000)
  region size 1024K, 25 young (25600K), 7 survivors (7168K)
 Metaspace       used 90649K, committed 93376K, reserved 1179648K
  class space    used 12250K, committed 13440K, reserved 1048576K
}
Event: 8079.891 GC heap after
{Heap after GC invocations=267 (full 41):
 garbage-first heap   total 102400K, used 30134K [0x0000000083200000, 0x0000000100000000)
  region size 1024K, 0 young (0K), 0 survivors (0K)
 Metaspace       used 90588K, committed 93376K, reserved 1179648K
  class space    used 12235K, committed 13440K, reserved 1048576K
}
Event: 8086.678 GC heap before
{Heap before GC invocations=267 (full 41):
 garbage-first heap   total 102400K, used 88502K [0x0000000083200000, 0x0000000100000000)
  region size 1024K, 58 young (59392K), 0 survivors (0K)
 Metaspace       used 90714K, committed 93376K, reserved 1179648K
  class space    used 12258K, committed 13440K, reserved 1048576K
}
Event: 8086.681 GC heap after
{Heap after GC invocations=268 (full 41):
 garbage-first heap   total 102400K, used 32182K [0x0000000083200000, 0x0000000100000000)
  region size 1024K, 2 young (2048K), 2 survivors (2048K)
 Metaspace       used 90714K, committed 93376K, reserved 1179648K
  class space    used 12258K, committed 13440K, reserved 1048576K
}
Event: 8095.296 GC heap before
{Heap before GC invocations=269 (full 41):
 garbage-first heap   total 102400K, used 90550K [0x0000000083200000, 0x0000000100000000)
  region size 1024K, 60 young (61440K), 2 survivors (2048K)
 Metaspace       used 90808K, committed 93376K, reserved 1179648K
  class space    used 12274K, committed 13440K, reserved 1048576K
}
Event: 8095.309 GC heap after
{Heap after GC invocations=270 (full 41):
 garbage-first heap   total 102400K, used 35135K [0x0000000083200000, 0x0000000100000000)
  region size 1024K, 5 young (5120K), 5 survivors (5120K)
 Metaspace       used 90808K, committed 93376K, reserved 1179648K
  class space    used 12274K, committed 13440K, reserved 1048576K
}
Event: 8145.685 GC heap before
{Heap before GC invocations=270 (full 41):
 garbage-first heap   total 102400K, used 90431K [0x0000000083200000, 0x0000000100000000)
  region size 1024K, 59 young (60416K), 5 survivors (5120K)
 Metaspace       used 90826K, committed 93376K, reserved 1179648K
  class space    used 12277K, committed 13440K, reserved 1048576K
}
Event: 8145.698 GC heap after
{Heap after GC invocations=271 (full 41):
 garbage-first heap   total 102400K, used 35330K [0x0000000083200000, 0x0000000100000000)
  region size 1024K, 1 young (1024K), 1 survivors (1024K)
 Metaspace       used 90826K, committed 93376K, reserved 1179648K
  class space    used 12277K, committed 13440K, reserved 1048576K
}
Event: 8198.666 GC heap before
{Heap before GC invocations=271 (full 41):
 garbage-first heap   total 102400K, used 92674K [0x0000000083200000, 0x0000000100000000)
  region size 1024K, 57 young (58368K), 1 survivors (1024K)
 Metaspace       used 90844K, committed 93376K, reserved 1179648K
  class space    used 12279K, committed 13440K, reserved 1048576K
}

