# JRE version: OpenJDK Runtime Environment Temurin-21.0.3+9 (21.0.3+9) (build 21.0.3+9-LTS)
# Java VM: OpenJDK 64-Bit Server VM Temurin-21.0.3+9 (21.0.3+9-LTS, mixed mode, emulated-client, tiered, compressed oops, compressed class ptrs, g1 gc, windows-amd64)
GC Precious Log:
 CardTable entry size: 512
 Card Set container configuration: InlinePtr #cards 5 size 8 Array Of Cards #cards 12 size 40 Howl #buckets 4 coarsen threshold 1843 Howl Bitmap #cards 512 size 80 coarsen threshold 460 Card regions per heap region 1 cards per card region 2048
 CPUs: 4 total, 4 available
 Memory: 7991M
 Large Page Support: Disabled
 NUMA Support: Disabled
 Compressed Oops: Enabled (32-bit)
 Heap Region Size: 1M
 Heap Min Capacity: 8M
 Heap Initial Capacity: 126M
 Heap Max Capacity: 1998M
 Pre-touch: Disabled
 Parallel Workers: 4
 Concurrent Workers: 1
 Concurrent Refinement Workers: 4
 Periodic GC: Disabled
Heap:
 garbage-first heap   total 92160K, used 81095K [0x0000000083200000, 0x0000000100000000)
  region size 1024K, 45 young (46080K), 4 survivors (4096K)
 Metaspace       used 87487K, committed 88256K, reserved 1179648K
  class space    used 11508K, committed 11840K, reserved 1048576K
GC Heap History (20 events):
Event: 1820.376 GC heap after
{Heap after GC invocations=38 (full 4):
 garbage-first heap   total 92160K, used 28572K [0x0000000083200000, 0x0000000100000000)
  region size 1024K, 0 young (0K), 0 survivors (0K)
 Metaspace       used 85592K, committed 86336K, reserved 1179648K
  class space    used 11296K, committed 11648K, reserved 1048576K
}
Event: 1820.859 GC heap before
{Heap before GC invocations=38 (full 4):
 garbage-first heap   total 92160K, used 77724K [0x0000000083200000, 0x0000000100000000)
  region size 1024K, 49 young (50176K), 0 survivors (0K)
 Metaspace       used 85728K, committed 86464K, reserved 1179648K
  class space    used 11316K, committed 11648K, reserved 1048576K
}
Event: 1820.864 GC heap after
{Heap after GC invocations=39 (full 4):
 garbage-first heap   total 92160K, used 32420K [0x0000000083200000, 0x0000000100000000)
  region size 1024K, 4 young (4096K), 4 survivors (4096K)
 Metaspace       used 85728K, committed 86464K, reserved 1179648K
  class space    used 11316K, committed 11648K, reserved 1048576K
}
Event: 1833.884 GC heap before
{Heap before GC invocations=39 (full 4):
 garbage-first heap   total 92160K, used 60068K [0x0000000083200000, 0x0000000100000000)
  region size 1024K, 32 young (32768K), 4 survivors (4096K)
 Metaspace       used 85910K, committed 86720K, reserved 1179648K
  class space    used 11328K, committed 11712K, reserved 1048576K
}
Event: 1833.946 GC heap after
{Heap after GC invocations=40 (full 5):
 garbage-first heap   total 92160K, used 28828K [0x0000000083200000, 0x0000000100000000)
  region size 1024K, 0 young (0K), 0 survivors (0K)
 Metaspace       used 85900K, committed 86720K, reserved 1179648K
  class space    used 11326K, committed 11712K, reserved 1048576K
}
Event: 1835.150 GC heap before
{Heap before GC invocations=40 (full 5):
 garbage-first heap   total 92160K, used 77980K [0x0000000083200000, 0x0000000100000000)
  region size 1024K, 49 young (50176K), 0 survivors (0K)
 Metaspace       used 86030K, committed 86784K, reserved 1179648K
  class space    used 11344K, committed 11712K, reserved 1048576K
}
Event: 1835.155 GC heap after
{Heap after GC invocations=41 (full 5):
 garbage-first heap   total 92160K, used 32806K [0x0000000083200000, 0x0000000100000000)
  region size 1024K, 4 young (4096K), 4 survivors (4096K)
 Metaspace       used 86030K, committed 86784K, reserved 1179648K
  class space    used 11344K, committed 11712K, reserved 1048576K
}
Event: 1847.459 GC heap before
{Heap before GC invocations=41 (full 5):
 garbage-first heap   total 92160K, used 60454K [0x0000000083200000, 0x0000000100000000)
  region size 1024K, 32 young (32768K), 4 survivors (4096K)
 Metaspace       used 86211K, committed 86976K, reserved 1179648K
  class space    used 11356K, committed 11712K, reserved 1048576K
}
Event: 1847.513 GC heap after
{Heap after GC invocations=42 (full 6):
 garbage-first heap   total 92160K, used 28916K [0x0000000083200000, 0x0000000100000000)
  region size 1024K, 0 young (0K), 0 survivors (0K)
 Metaspace       used 86107K, committed 86976K, reserved 1179648K
  class space    used 11329K, committed 11712K, reserved 1048576K
}
Event: 1850.648 GC heap before
{Heap before GC invocations=42 (full 6):
 garbage-first heap   total 92160K, used 79092K [0x0000000083200000, 0x0000000100000000)
  region size 1024K, 50 young (51200K), 0 survivors (0K)
 Metaspace       used 86236K, committed 87040K, reserved 1179648K
  class space    used 11347K, committed 11712K, reserved 1048576K
}
Event: 1850.652 GC heap after
{Heap after GC invocations=43 (full 6):
 garbage-first heap   total 92160K, used 33012K [0x0000000083200000, 0x0000000100000000)
  region size 1024K, 4 young (4096K), 4 survivors (4096K)
 Metaspace       used 86236K, committed 87040K, reserved 1179648K
  class space    used 11347K, committed 11712K, reserved 1048576K
}
Event: 1912.745 GC heap before
{Heap before GC invocations=43 (full 6):
 garbage-first heap   total 92160K, used 62708K [0x0000000083200000, 0x0000000100000000)
  region size 1024K, 34 young (34816K), 4 survivors (4096K)
 Metaspace       used 86428K, committed 87168K, reserved 1179648K
  class space    used 11362K, committed 11712K, reserved 1048576K
}
Event: 1912.798 GC heap after
{Heap after GC invocations=44 (full 7):
 garbage-first heap   total 92160K, used 29032K [0x0000000083200000, 0x0000000100000000)
  region size 1024K, 0 young (0K), 0 survivors (0K)
 Metaspace       used 86423K, committed 87168K, reserved 1179648K
  class space    used 11361K, committed 11712K, reserved 1048576K
}
Event: 1913.706 GC heap before
{Heap before GC invocations=44 (full 7):
 garbage-first heap   total 92160K, used 79208K [0x0000000083200000, 0x0000000100000000)
  region size 1024K, 50 young (51200K), 0 survivors (0K)
 Metaspace       used 86625K, committed 87360K, reserved 1179648K
  class space    used 11385K, committed 11712K, reserved 1048576K
}
Event: 1913.711 GC heap after
{Heap after GC invocations=45 (full 7):
 garbage-first heap   total 92160K, used 33016K [0x0000000083200000, 0x0000000100000000)
  region size 1024K, 4 young (4096K), 4 survivors (4096K)
 Metaspace       used 86625K, committed 87360K, reserved 1179648K
  class space    used 11385K, committed 11712K, reserved 1048576K
}
Event: 1952.107 GC heap before
{Heap before GC invocations=45 (full 7):
 garbage-first heap   total 92160K, used 80120K [0x0000000083200000, 0x0000000100000000)
  region size 1024K, 51 young (52224K), 4 survivors (4096K)
 Metaspace       used 86986K, committed 87680K, reserved 1179648K
  class space    used 11463K, committed 11776K, reserved 1048576K
}
Event: 1952.119 GC heap after
{Heap after GC invocations=46 (full 7):
 garbage-first heap   total 92160K, used 36560K [0x0000000083200000, 0x0000000100000000)
  region size 1024K, 5 young (5120K), 5 survivors (5120K)
 Metaspace       used 86986K, committed 87680K, reserved 1179648K
  class space    used 11463K, committed 11776K, reserved 1048576K
}
Event: 1979.980 GC heap before
{Heap before GC invocations=46 (full 7):
 garbage-first heap   total 92160K, used 79568K [0x0000000083200000, 0x0000000100000000)
  region size 1024K, 48 young (49152K), 5 survivors (5120K)
 Metaspace       used 87224K, committed 88000K, reserved 1179648K
  class space    used 11486K, committed 11840K, reserved 1048576K
}
Event: 1979.988 GC heap after
{Heap after GC invocations=47 (full 7):
 garbage-first heap   total 92160K, used 39111K [0x0000000083200000, 0x0000000100000000)
  region size 1024K, 4 young (4096K), 4 survivors (4096K)
 Metaspace       used 87224K, committed 88000K, reserved 1179648K
  class space    used 11486K, committed 11840K, reserved 1048576K
}
Event: 2013.303 GC heap before
{Heap before GC invocations=47 (full 7):
 garbage-first heap   total 92160K, used 80071K [0x0000000083200000, 0x0000000100000000)
  region size 1024K, 45 young (46080K), 4 survivors (4096K)
 Metaspace       used 87487K, committed 88256K, reserved 1179648K
  class space    used 11508K, committed 11840K, reserved 1048576K
}

