# JRE version: OpenJDK Runtime Environment Temurin-21.0.3+9 (21.0.3+9) (build 21.0.3+9-LTS)
# Java VM: OpenJDK 64-Bit Server VM Temurin-21.0.3+9 (21.0.3+9-LTS, mixed mode, emulated-client, tiered, compressed oops, compressed class ptrs, g1 gc, windows-amd64)
GC Precious Log:
 CardTable entry size: 512
 Card Set container configuration: InlinePtr #cards 5 size 8 Array Of Cards #cards 12 size 40 Howl #buckets 4 coarsen threshold 1843 Howl Bitmap #cards 512 size 80 coarsen threshold 460 Card regions per heap region 1 cards per card region 2048
 CPUs: 4 total, 4 available
 Memory: 7991M
 Large Page Support: Disabled
 NUMA Support: Disabled
 Compressed Oops: Enabled (32-bit)
 Heap Region Size: 1M
 Heap Min Capacity: 8M
 Heap Initial Capacity: 126M
 Heap Max Capacity: 1998M
 Pre-touch: Disabled
 Parallel Workers: 4
 Concurrent Workers: 1
 Concurrent Refinement Workers: 4
 Periodic GC: Disabled
Heap:
 garbage-first heap   total 106496K, used 92930K [0x0000000083200000, 0x0000000100000000)
  region size 1024K, 64 young (65536K), 5 survivors (5120K)
 Metaspace       used 96493K, committed 97600K, reserved 1179648K
  class space    used 12279K, committed 12736K, reserved 1048576K
GC Heap History (20 events):
Event: 4285.495 GC heap after
{Heap after GC invocations=113 (full 40):
 garbage-first heap   total 106496K, used 36232K [0x0000000083200000, 0x0000000100000000)
  region size 1024K, 5 young (5120K), 5 survivors (5120K)
 Metaspace       used 94885K, committed 95936K, reserved 1179648K
  class space    used 12124K, committed 12544K, reserved 1048576K
}
Event: 4288.074 GC heap before
{Heap before GC invocations=113 (full 40):
 garbage-first heap   total 106496K, used 53640K [0x0000000083200000, 0x0000000100000000)
  region size 1024K, 24 young (24576K), 5 survivors (5120K)
 Metaspace       used 94892K, committed 95936K, reserved 1179648K
  class space    used 12126K, committed 12544K, reserved 1048576K
}
Event: 4288.131 GC heap after
{Heap after GC invocations=114 (full 41):
 garbage-first heap   total 106496K, used 31147K [0x0000000083200000, 0x0000000100000000)
  region size 1024K, 0 young (0K), 0 survivors (0K)
 Metaspace       used 94884K, committed 95936K, reserved 1179648K
  class space    used 12124K, committed 12544K, reserved 1048576K
}
Event: 4288.621 GC heap before
{Heap before GC invocations=114 (full 41):
 garbage-first heap   total 106496K, used 90539K [0x0000000083200000, 0x0000000100000000)
  region size 1024K, 59 young (60416K), 0 survivors (0K)
 Metaspace       used 95184K, committed 96256K, reserved 1179648K
  class space    used 12151K, committed 12608K, reserved 1048576K
}
Event: 4288.625 GC heap after
{Heap after GC invocations=115 (full 41):
 garbage-first heap   total 106496K, used 36160K [0x0000000083200000, 0x0000000100000000)
  region size 1024K, 5 young (5120K), 5 survivors (5120K)
 Metaspace       used 95184K, committed 96256K, reserved 1179648K
  class space    used 12151K, committed 12608K, reserved 1048576K
}
Event: 4337.256 GC heap before
{Heap before GC invocations=115 (full 41):
 garbage-first heap   total 106496K, used 55616K [0x0000000083200000, 0x0000000100000000)
  region size 1024K, 25 young (25600K), 5 survivors (5120K)
 Metaspace       used 95197K, committed 96256K, reserved 1179648K
  class space    used 12153K, committed 12608K, reserved 1048576K
}
Event: 4337.313 GC heap after
{Heap after GC invocations=116 (full 42):
 garbage-first heap   total 106496K, used 31313K [0x0000000083200000, 0x0000000100000000)
  region size 1024K, 0 young (0K), 0 survivors (0K)
 Metaspace       used 95191K, committed 96256K, reserved 1179648K
  class space    used 12152K, committed 12608K, reserved 1048576K
}
Event: 4337.983 GC heap before
{Heap before GC invocations=116 (full 42):
 garbage-first heap   total 106496K, used 89681K [0x0000000083200000, 0x0000000100000000)
  region size 1024K, 58 young (59392K), 0 survivors (0K)
 Metaspace       used 95498K, committed 96576K, reserved 1179648K
  class space    used 12182K, committed 12608K, reserved 1048576K
}
Event: 4337.988 GC heap after
{Heap after GC invocations=117 (full 42):
 garbage-first heap   total 106496K, used 36316K [0x0000000083200000, 0x0000000100000000)
  region size 1024K, 5 young (5120K), 5 survivors (5120K)
 Metaspace       used 95498K, committed 96576K, reserved 1179648K
  class space    used 12182K, committed 12608K, reserved 1048576K
}
Event: 4339.569 GC heap before
{Heap before GC invocations=117 (full 42):
 garbage-first heap   total 106496K, used 54748K [0x0000000083200000, 0x0000000100000000)
  region size 1024K, 24 young (24576K), 5 survivors (5120K)
 Metaspace       used 95503K, committed 96576K, reserved 1179648K
  class space    used 12183K, committed 12608K, reserved 1048576K
}
Event: 4339.652 GC heap after
{Heap after GC invocations=118 (full 43):
 garbage-first heap   total 106496K, used 31595K [0x0000000083200000, 0x0000000100000000)
  region size 1024K, 0 young (0K), 0 survivors (0K)
 Metaspace       used 95497K, committed 96576K, reserved 1179648K
  class space    used 12182K, committed 12608K, reserved 1048576K
}
Event: 4340.115 GC heap before
{Heap before GC invocations=118 (full 43):
 garbage-first heap   total 106496K, used 89963K [0x0000000083200000, 0x0000000100000000)
  region size 1024K, 58 young (59392K), 0 survivors (0K)
 Metaspace       used 95794K, committed 96896K, reserved 1179648K
  class space    used 12209K, committed 12672K, reserved 1048576K
}
Event: 4340.121 GC heap after
{Heap after GC invocations=119 (full 43):
 garbage-first heap   total 106496K, used 36715K [0x0000000083200000, 0x0000000100000000)
  region size 1024K, 5 young (5120K), 5 survivors (5120K)
 Metaspace       used 95794K, committed 96896K, reserved 1179648K
  class space    used 12209K, committed 12672K, reserved 1048576K
}
Event: 4343.838 GC heap before
{Heap before GC invocations=119 (full 43):
 garbage-first heap   total 106496K, used 55147K [0x0000000083200000, 0x0000000100000000)
  region size 1024K, 24 young (24576K), 5 survivors (5120K)
 Metaspace       used 95801K, committed 96896K, reserved 1179648K
  class space    used 12210K, committed 12672K, reserved 1048576K
}
Event: 4343.899 GC heap after
{Heap after GC invocations=120 (full 44):
 garbage-first heap   total 106496K, used 31817K [0x0000000083200000, 0x0000000100000000)
  region size 1024K, 0 young (0K), 0 survivors (0K)
 Metaspace       used 95794K, committed 96896K, reserved 1179648K
  class space    used 12209K, committed 12672K, reserved 1048576K
}
Event: 4344.365 GC heap before
{Heap before GC invocations=120 (full 44):
 garbage-first heap   total 106496K, used 90185K [0x0000000083200000, 0x0000000100000000)
  region size 1024K, 58 young (59392K), 0 survivors (0K)
 Metaspace       used 96092K, committed 97216K, reserved 1179648K
  class space    used 12235K, committed 12736K, reserved 1048576K
}
Event: 4344.370 GC heap after
{Heap after GC invocations=121 (full 44):
 garbage-first heap   total 106496K, used 36806K [0x0000000083200000, 0x0000000100000000)
  region size 1024K, 5 young (5120K), 5 survivors (5120K)
 Metaspace       used 96092K, committed 97216K, reserved 1179648K
  class space    used 12235K, committed 12736K, reserved 1048576K
}
Event: 4513.132 GC heap before
{Heap before GC invocations=121 (full 44):
 garbage-first heap   total 106496K, used 63430K [0x0000000083200000, 0x0000000100000000)
  region size 1024K, 32 young (32768K), 5 survivors (5120K)
 Metaspace       used 96117K, committed 97280K, reserved 1179648K
  class space    used 12241K, committed 12736K, reserved 1048576K
}
Event: 4513.205 GC heap after
{Heap after GC invocations=122 (full 45):
 garbage-first heap   total 106496K, used 32547K [0x0000000083200000, 0x0000000100000000)
  region size 1024K, 0 young (0K), 0 survivors (0K)
 Metaspace       used 96111K, committed 97280K, reserved 1179648K
  class space    used 12240K, committed 12736K, reserved 1048576K
}
Event: 4723.600 GC heap before
{Heap before GC invocations=122 (full 45):
 garbage-first heap   total 106496K, used 91939K [0x0000000083200000, 0x0000000100000000)
  region size 1024K, 59 young (60416K), 0 survivors (0K)
 Metaspace       used 96493K, committed 97600K, reserved 1179648K
  class space    used 12279K, committed 12736K, reserved 1048576K
}

