# JRE version: OpenJDK Runtime Environment Temurin-21.0.3+9 (21.0.3+9) (build 21.0.3+9-LTS)
# Java VM: OpenJDK 64-Bit Server VM Temurin-21.0.3+9 (21.0.3+9-LTS, mixed mode, emulated-client, tiered, compressed oops, compressed class ptrs, g1 gc, windows-amd64)
GC Precious Log:
 CardTable entry size: 512
 Card Set container configuration: InlinePtr #cards 5 size 8 Array Of Cards #cards 12 size 40 Howl #buckets 4 coarsen threshold 1843 Howl Bitmap #cards 512 size 80 coarsen threshold 460 Card regions per heap region 1 cards per card region 2048
 CPUs: 4 total, 4 available
 Memory: 7991M
 Large Page Support: Disabled
 NUMA Support: Disabled
 Compressed Oops: Enabled (32-bit)
 Heap Region Size: 1M
 Heap Min Capacity: 8M
 Heap Initial Capacity: 126M
 Heap Max Capacity: 1998M
 Pre-touch: Disabled
 Parallel Workers: 4
 Concurrent Workers: 1
 Concurrent Refinement Workers: 4
 Periodic GC: Disabled
Heap:
 garbage-first heap   total 106496K, used 92654K [0x0000000083200000, 0x0000000100000000)
  region size 1024K, 63 young (64512K), 5 survivors (5120K)
 Metaspace       used 103669K, committed 105024K, reserved 1179648K
  class space    used 13014K, committed 13632K, reserved 1048576K
GC Heap History (20 events):
Event: 2658.177 GC heap after
{Heap after GC invocations=206 (full 59):
 garbage-first heap   total 106496K, used 38036K [0x0000000083200000, 0x0000000100000000)
  region size 1024K, 5 young (5120K), 5 survivors (5120K)
 Metaspace       used 101826K, committed 103104K, reserved 1179648K
  class space    used 12827K, committed 13376K, reserved 1048576K
}
Event: 2668.055 GC heap before
{Heap before GC invocations=207 (full 59):
 garbage-first heap   total 106496K, used 57492K [0x0000000083200000, 0x0000000100000000)
  region size 1024K, 25 young (25600K), 5 survivors (5120K)
 Metaspace       used 101836K, committed 103168K, reserved 1179648K
  class space    used 12830K, committed 13376K, reserved 1048576K
}
Event: 2668.118 GC heap after
{Heap after GC invocations=208 (full 60):
 garbage-first heap   total 106496K, used 33144K [0x0000000083200000, 0x0000000100000000)
  region size 1024K, 0 young (0K), 0 survivors (0K)
 Metaspace       used 101830K, committed 103168K, reserved 1179648K
  class space    used 12828K, committed 13376K, reserved 1048576K
}
Event: 2668.606 GC heap before
{Heap before GC invocations=208 (full 60):
 garbage-first heap   total 106496K, used 91512K [0x0000000083200000, 0x0000000100000000)
  region size 1024K, 58 young (59392K), 0 survivors (0K)
 Metaspace       used 102132K, committed 103488K, reserved 1179648K
  class space    used 12856K, committed 13440K, reserved 1048576K
}
Event: 2668.611 GC heap after
{Heap after GC invocations=209 (full 60):
 garbage-first heap   total 106496K, used 37916K [0x0000000083200000, 0x0000000100000000)
  region size 1024K, 5 young (5120K), 5 survivors (5120K)
 Metaspace       used 102132K, committed 103488K, reserved 1179648K
  class space    used 12856K, committed 13440K, reserved 1048576K
}
Event: 2755.940 GC heap before
{Heap before GC invocations=210 (full 60):
 garbage-first heap   total 106496K, used 60444K [0x0000000083200000, 0x0000000100000000)
  region size 1024K, 28 young (28672K), 5 survivors (5120K)
 Metaspace       used 102155K, committed 103488K, reserved 1179648K
  class space    used 12862K, committed 13440K, reserved 1048576K
}
Event: 2756.006 GC heap after
{Heap after GC invocations=211 (full 61):
 garbage-first heap   total 106496K, used 33304K [0x0000000083200000, 0x0000000100000000)
  region size 1024K, 0 young (0K), 0 survivors (0K)
 Metaspace       used 102149K, committed 103488K, reserved 1179648K
  class space    used 12861K, committed 13440K, reserved 1048576K
}
Event: 2756.446 GC heap before
{Heap before GC invocations=211 (full 61):
 garbage-first heap   total 106496K, used 91672K [0x0000000083200000, 0x0000000100000000)
  region size 1024K, 58 young (59392K), 0 survivors (0K)
 Metaspace       used 102451K, committed 103744K, reserved 1179648K
  class space    used 12888K, committed 13440K, reserved 1048576K
}
Event: 2756.452 GC heap after
{Heap after GC invocations=212 (full 61):
 garbage-first heap   total 106496K, used 38074K [0x0000000083200000, 0x0000000100000000)
  region size 1024K, 5 young (5120K), 5 survivors (5120K)
 Metaspace       used 102451K, committed 103744K, reserved 1179648K
  class space    used 12888K, committed 13440K, reserved 1048576K
}
Event: 2827.560 GC heap before
{Heap before GC invocations=213 (full 61):
 garbage-first heap   total 106496K, used 60602K [0x0000000083200000, 0x0000000100000000)
  region size 1024K, 28 young (28672K), 5 survivors (5120K)
 Metaspace       used 102495K, committed 103872K, reserved 1179648K
  class space    used 12895K, committed 13504K, reserved 1048576K
}
Event: 2827.622 GC heap after
{Heap after GC invocations=214 (full 62):
 garbage-first heap   total 106496K, used 32880K [0x0000000083200000, 0x0000000100000000)
  region size 1024K, 0 young (0K), 0 survivors (0K)
 Metaspace       used 102455K, committed 103872K, reserved 1179648K
  class space    used 12889K, committed 13504K, reserved 1048576K
}
Event: 2828.099 GC heap before
{Heap before GC invocations=214 (full 62):
 garbage-first heap   total 106496K, used 91248K [0x0000000083200000, 0x0000000100000000)
  region size 1024K, 58 young (59392K), 0 survivors (0K)
 Metaspace       used 102763K, committed 104128K, reserved 1179648K
  class space    used 12920K, committed 13504K, reserved 1048576K
}
Event: 2828.106 GC heap after
{Heap after GC invocations=215 (full 62):
 garbage-first heap   total 106496K, used 37646K [0x0000000083200000, 0x0000000100000000)
  region size 1024K, 5 young (5120K), 5 survivors (5120K)
 Metaspace       used 102763K, committed 104128K, reserved 1179648K
  class space    used 12920K, committed 13504K, reserved 1048576K
}
Event: 2831.746 GC heap before
{Heap before GC invocations=216 (full 62):
 garbage-first heap   total 106496K, used 58126K [0x0000000083200000, 0x0000000100000000)
  region size 1024K, 26 young (26624K), 5 survivors (5120K)
 Metaspace       used 102781K, committed 104128K, reserved 1179648K
  class space    used 12923K, committed 13504K, reserved 1048576K
}
Event: 2831.810 GC heap after
{Heap after GC invocations=217 (full 63):
 garbage-first heap   total 106496K, used 33019K [0x0000000083200000, 0x0000000100000000)
  region size 1024K, 0 young (0K), 0 survivors (0K)
 Metaspace       used 102764K, committed 104128K, reserved 1179648K
  class space    used 12921K, committed 13504K, reserved 1048576K
}
Event: 2832.373 GC heap before
{Heap before GC invocations=217 (full 63):
 garbage-first heap   total 106496K, used 91387K [0x0000000083200000, 0x0000000100000000)
  region size 1024K, 58 young (59392K), 0 survivors (0K)
 Metaspace       used 103088K, committed 104448K, reserved 1179648K
  class space    used 12956K, committed 13568K, reserved 1048576K
}
Event: 2832.377 GC heap after
{Heap after GC invocations=218 (full 63):
 garbage-first heap   total 106496K, used 38010K [0x0000000083200000, 0x0000000100000000)
  region size 1024K, 5 young (5120K), 5 survivors (5120K)
 Metaspace       used 103088K, committed 104448K, reserved 1179648K
  class space    used 12956K, committed 13568K, reserved 1048576K
}
Event: 2855.411 GC heap before
{Heap before GC invocations=219 (full 63):
 garbage-first heap   total 106496K, used 57466K [0x0000000083200000, 0x0000000100000000)
  region size 1024K, 25 young (25600K), 5 survivors (5120K)
 Metaspace       used 103098K, committed 104512K, reserved 1179648K
  class space    used 12959K, committed 13568K, reserved 1048576K
}
Event: 2855.479 GC heap after
{Heap after GC invocations=220 (full 64):
 garbage-first heap   total 106496K, used 33262K [0x0000000083200000, 0x0000000100000000)
  region size 1024K, 0 young (0K), 0 survivors (0K)
 Metaspace       used 103092K, committed 104512K, reserved 1179648K
  class space    used 12958K, committed 13568K, reserved 1048576K
}
Event: 2914.875 GC heap before
{Heap before GC invocations=220 (full 64):
 garbage-first heap   total 106496K, used 91630K [0x0000000083200000, 0x0000000100000000)
  region size 1024K, 58 young (59392K), 0 survivors (0K)
 Metaspace       used 103669K, committed 105024K, reserved 1179648K
  class space    used 13014K, committed 13632K, reserved 1048576K
}

